
> reign-bjj2@0.1.0 dev
> concurrently "npm run start" "npm run server"

[0]
[0] > reign-bjj2@0.1.0 start
[0] > react-scripts start
[0]
[1]
[1] > reign-bjj2@0.1.0 server
[1] > node backend/server.js
[1]
[1] [dotenv@17.2.3] injecting env (6) from .env -- tip: 🛠️  run anywhere with `dotenvx run -- yourcommand`
[1] Server is running for local development on http://localhost:3001
[1] Table "instructors" created or already exists.
[1] Error migrating instructors data: Error: ENOENT: no such file or directory, open '/app/backend/instructors.json'
[1]     at Object.readFileSync (node:fs:441:20)
[1]     at migrateInstructorsData (/app/backend/db-init.js:16:25)
[1]     at process.processTicksAndRejections (node:internal/process/task_queues:105:5)
[1]     at async createInstructorsTable (/app/backend/db-init.js:47:5)
[1]     at async /app/backend/server.js:22:3 {
[1]   errno: -2,
[1]   code: 'ENOENT',
[1]   syscall: 'open',
[1]   path: '/app/backend/instructors.json'
[1] }
[0] [baseline-browser-mapping] The data in this module is over two months old.  To ensure accurate Baseline data, please update: `npm i baseline-browser-mapping@latest -D`
[0] (node:5239) [DEP_WEBPACK_DEV_SERVER_ON_AFTER_SETUP_MIDDLEWARE] DeprecationWarning: 'onAfterSetupMiddleware' option is deprecated. Please use the 'setupMiddlewares' option.
[0] (Use `node --trace-deprecation ...` to show where the warning was created)
[0] (node:5239) [DEP_WEBPACK_DEV_SERVER_ON_BEFORE_SETUP_MIDDLEWARE] DeprecationWarning: 'onBeforeSetupMiddleware' option is deprecated. Please use the 'setupMiddlewares' option.
[0] Starting the development server...
[0]
[0] Compiled successfully!
[0]
[0] You can now view reign-bjj2 in the browser.
[0]
[0]   Local:            http://localhost:3000
[0]   On Your Network:  http://192.168.0.2:3000
[0]
[0] Note that the development build is not optimized.
[0] To create a production build, use npm run build.
[0]
[0] webpack compiled successfully
[0] (node:5239) [DEP0060] DeprecationWarning: The `util._extend` API is deprecated. Please use Object.assign() instead.
